dl@dl:~/workspace/xxxxrtc/mcoturn/examples/scripts/basic$ ./udp_c2c_client.sh 
clnet_connect fd [6] 

IPv4. Connected from: 192.168.1.191:51009
IPv4. Connected to: 192.168.1.126:3478

=============send >>>>>>>>>>>>>>>
000300202112a442dbb7c98a974b82d994e58a790019000411000000000d0004000003090018000180000000802800043d02bada
0: allocate sent
=====================READ CLIENT <<<<<<<<<<<<<<<<<<<<<<<
0103003c2112a442dbb7c98a974b82d994e58a79001600080001d4b8e1baa53c002000080001e653e1baa5fd0022000863cdc8f80032f3a2000d000400000309802200044e6f6e65802800049e432c58
0: allocate response received: 
0: success
IPv4. Received relay addr: 192.168.1.126:62890
0: clnet_allocate: rtv=7191625147461333922

=============send >>>>>>>>>>>>>>>
000400102112a442cd08dedeb398c5d41a7e7955000d0004000003098028000451880b1d
0: refresh sent
=====================READ CLIENT <<<<<<<<<<<<<<<<<<<<<<<
010400182112a442cd08dedeb398c5d41a7e7955000d000400000309802200044e6f6e658028000478e34dd2
0: refresh response received: 
0: success
clnet_connect fd [7] 

IPv4. Connected from: 192.168.1.191:50590
IPv4. Connected to: 192.168.1.126:3478
clnet_connect fd [8] 

IPv4. Connected from: 192.168.1.191:49300
IPv4. Connected to: 192.168.1.126:3478
clnet_connect fd [9] 

IPv4. Connected from: 192.168.1.191:57923
IPv4. Connected to: 192.168.1.126:3478
clnet_connect fd [10] 

IPv4. Connected from: 192.168.1.191:56194
IPv4. Connected to: 192.168.1.126:3478

=============send >>>>>>>>>>>>>>>
000300242112a442f45c9cc1a87a6df0eae976120019000411000000000d0004000003090022000863cdc8f80032f3a28028000402796e3f
0: allocate sent
=====================READ CLIENT <<<<<<<<<<<<<<<<<<<<<<<
010300302112a442f45c9cc1a87a6df0eae97612001600080001d4b9e1baa53c002000080001e48ce1baa5fd000d000400000309802200044e6f6e658028000450607eeb
0: allocate response received: 
0: success
IPv4. Received relay addr: 192.168.1.126:62891
0: clnet_allocate: rtv=0

=============send >>>>>>>>>>>>>>>
000400102112a442485f89a1fa933300f9a64234000d00040000030980280004565b1908
0: refresh sent
=====================READ CLIENT <<<<<<<<<<<<<<<<<<<<<<<
010400182112a442485f89a1fa933300f9a64234000d000400000309802200044e6f6e65802800049a734deb
0: refresh response received: 
0: success

=============send >>>>>>>>>>>>>>>
000300202112a44227b9d4da8030ddc41a2b9f490019000411000000000d0004000003090018000180cdc8f88028000453e7381b
0: allocate sent
=====================READ CLIENT <<<<<<<<<<<<<<<<<<<<<<<
0103003c2112a44227b9d4da8030ddc41a2b9f49001600080001d2b0e1baa53c002000080001e186e1baa5fd00220008729e67580032e2bb000d000400000309802200044e6f6e6580280004f45e7db9
0: allocate response received: 
0: success
IPv4. Received relay addr: 192.168.1.126:62370
0: clnet_allocate: rtv=8259152394302186171

=============send >>>>>>>>>>>>>>>
000400102112a4421850e1ed69c0b9bd260ba887000d00040000030980280004005ba7d2
0: refresh sent
=====================READ CLIENT <<<<<<<<<<<<<<<<<<<<<<<
010400182112a4421850e1ed69c0b9bd260ba887000d000400000309802200044e6f6e6580280004cab729a9
0: refresh response received: 
0: success

=============send >>>>>>>>>>>>>>>
000300242112a442b68cbef228a1fe48fa2f8bc30019000411000000000d00040000030900220008729e67580032e2bb802800044584b2f5
0: allocate sent
=====================READ CLIENT <<<<<<<<<<<<<<<<<<<<<<<
010300302112a442b68cbef228a1fe48fa2f8bc3001600080001d2b1e1baa53c002000080001c351e1baa5fd000d000400000309802200044e6f6e6580280004eed16909
0: allocate response received: 
0: success
IPv4. Received relay addr: 192.168.1.126:62371
0: clnet_allocate: rtv=0

=============send >>>>>>>>>>>>>>>
000400102112a4425f0179e0283b7739050d2810000d0004000003098028000468384d87
0: refresh sent
=====================READ CLIENT <<<<<<<<<<<<<<<<<<<<<<<
010400182112a4425f0179e0283b7739050d2810000d000400000309802200044e6f6e658028000457836c2a
0: refresh response received: 
0: success

=============send >>>>>>>>>>>>>>>
000300202112a4421b503eccc0332e3cfb61a55a0019000411000000000d00040000030900180001809e67588028000426071fdb
0: allocate sent
=====================READ CLIENT <<<<<<<<<<<<<<<<<<<<<<<
0103003c2112a4421b503eccc0332e3cfb61a55a001600080001f9f8e1baa53c002000080001fa90e1baa5fd0022000830ecf2330033d1ec000d000400000309802200044e6f6e65802800041febef89
0: allocate response received: 
0: success
IPv4. Received relay addr: 192.168.1.126:55530
0: clnet_allocate: rtv=3525458909184905708

=============send >>>>>>>>>>>>>>>
000400102112a442b54d56173ccaaeb2479116f9000d00040000030980280004e2cbc9e5
0: refresh sent
=====================READ CLIENT <<<<<<<<<<<<<<<<<<<<<<<
010400182112a442b54d56173ccaaeb2479116f9000d000400000309802200044e6f6e6580280004d144c689
0: refresh response received: 
0: success

=============send >>>>>>>>>>>>>>>
0009001c2112a44258f052f44576eaa3232a1f86000c000442bb0000001200080001d2b1e1baa53c802800046c723483
0: channel bind sent
=====================READ CLIENT <<<<<<<<<<<<<<<<<<<<<<<
010900102112a44258f052f44576eaa3232a1f86802200044e6f6e65802800046356ad58
0: cb response received: 
0: success: 0x42bb

=============send >>>>>>>>>>>>>>>
0009001c2112a442f22a7d7b95e9933b6c82ca8a000c000447c20000001200080001f9f8e1baa53c802800047794fadf
0: channel bind sent
=====================READ CLIENT <<<<<<<<<<<<<<<<<<<<<<<
010900102112a442f22a7d7b95e9933b6c82ca8a802200044e6f6e6580280004bdecbceb
0: cb response received: 
0: success: 0x47c2

=============send >>>>>>>>>>>>>>>
0009001c2112a442a7b493ee56d232942c491003000c0004791a0000001200080001d4b9e1baa53c80280004969cf473
0: channel bind sent
=====================READ CLIENT <<<<<<<<<<<<<<<<<<<<<<<
010900102112a442a7b493ee56d232942c491003802200044e6f6e6580280004c9c2c052
0: cb response received: 
0: success: 0x791a

=============send >>>>>>>>>>>>>>>
0009001c2112a4428845d037ea0ec0e20dc44560000c000472110000001200080001d2b0e1baa53c80280004aefb7b35
0: channel bind sent
=====================READ CLIENT <<<<<<<<<<<<<<<<<<<<<<<
010900102112a4428845d037ea0ec0e20dc44560802200044e6f6e658028000443c7e57b
0: cb response received: 
0: success: 0x7211
0: Total connect time is 0

=============send >>>>>>>>>>>>>>>
000400102112a44286ba726a6bd84862bad9f051000d000400000258802800046ecbb21e

=============send >>>>>>>>>>>>>>>
000800142112a4424a93c85b0c5b3893cbbe4ac3001200080001d2b1e1baa53c80280004022fb17e

=============send >>>>>>>>>>>>>>>
0009001c2112a442ddf635f470752cfafc68a836000c000442bb0000001200080001d2b1e1baa53c80280004cc6b2ed1

=============send >>>>>>>>>>>>>>>
000400102112a4424290f1ef62bac22cf1d2049a000d000400000258802800044f78bf98

=============send >>>>>>>>>>>>>>>
000800142112a44273de4d96abf5d3bc5be9a9a6001200080001f9f8e1baa53c80280004372f19db

=============send >>>>>>>>>>>>>>>
0009001c2112a442cf1a93d079cced7b3b22639c000c000447c20000001200080001f9f8e1baa53c802800042fcab729

=============send >>>>>>>>>>>>>>>
000400102112a442498d71facb80f792e65a120e000d00040000025880280004530d8450

=============send >>>>>>>>>>>>>>>
000800142112a4421b052713165fb601e74aacb4001200080001d4b9e1baa53c8028000409401594

=============send >>>>>>>>>>>>>>>
0009001c2112a4427469f3e4661838acb971b33b000c0004791a0000001200080001d4b9e1baa53c80280004a51a6326

=============send >>>>>>>>>>>>>>>
000400102112a442f109cc437a4a84f89677b201000d00040000025880280004bd767636

=============send >>>>>>>>>>>>>>>
000800142112a44203b9e8d6a2a7e7f75591c6ea001200080001d2b0e1baa53c80280004cac0ed87

=============send >>>>>>>>>>>>>>>
0009001c2112a442237e93619b021ba85266ca04000c000472110000001200080001d2b0e1baa53c80280004266c8a70
=====================READ CLIENT <<<<<<<<<<<<<<<<<<<<<<<
010400182112a4424290f1ef62bac22cf1d2049a000d000400000258802200044e6f6e65802800047d409d25
=====================READ CLIENT <<<<<<<<<<<<<<<<<<<<<<<

=====================READ CLIENT <<<<<<<<<<<<<<<<<<<<<<<
010800102112a44273de4d96abf5d3bc5be9a9a6802200044e6f6e65802800047f8f22f6
=====================READ CLIENT <<<<<<<<<<<<<<<<<<<<<<<

=====================READ CLIENT <<<<<<<<<<<<<<<<<<<<<<<
010900102112a442cf1a93d079cced7b3b22639c802200044e6f6e658028000463c58acd
=====================READ CLIENT <<<<<<<<<<<<<<<<<<<<<<<

=====================READ CLIENT <<<<<<<<<<<<<<<<<<<<<<<
010400182112a44286ba726a6bd84862bad9f051000d000400000258802200044e6f6e6580280004e93c17d7
=====================READ CLIENT <<<<<<<<<<<<<<<<<<<<<<<

=====================READ CLIENT <<<<<<<<<<<<<<<<<<<<<<<
010400182112a442f109cc437a4a84f89677b201000d000400000258802200044e6f6e658028000493fcd08e
=====================READ CLIENT <<<<<<<<<<<<<<<<<<<<<<<

=====================READ CLIENT <<<<<<<<<<<<<<<<<<<<<<<
010800102112a44203b9e8d6a2a7e7f75591c6ea802200044e6f6e65802800047dae4387
=====================READ CLIENT <<<<<<<<<<<<<<<<<<<<<<<
010900102112a442237e93619b021ba85266ca04802200044e6f6e65802800048bb77936
=====================READ CLIENT <<<<<<<<<<<<<<<<<<<<<<<

=====================READ CLIENT <<<<<<<<<<<<<<<<<<<<<<<
010800102112a4424a93c85b0c5b3893cbbe4ac3802200044e6f6e65802800040626873b
=====================READ CLIENT <<<<<<<<<<<<<<<<<<<<<<<

=====================READ CLIENT <<<<<<<<<<<<<<<<<<<<<<<
010900102112a442ddf635f470752cfafc68a836802200044e6f6e6580280004127d3292
=====================READ CLIENT <<<<<<<<<<<<<<<<<<<<<<<

=====================READ CLIENT <<<<<<<<<<<<<<<<<<<<<<<
010400182112a442498d71facb80f792e65a120e000d000400000258802200044e6f6e65802800048098d6fe
=====================READ CLIENT <<<<<<<<<<<<<<<<<<<<<<<

=====================READ CLIENT <<<<<<<<<<<<<<<<<<<<<<<
010800102112a4421b052713165fb601e74aacb4802200044e6f6e65802800048857c35c
=====================READ CLIENT <<<<<<<<<<<<<<<<<<<<<<<

=====================READ CLIENT <<<<<<<<<<<<<<<<<<<<<<<
010900102112a4427469f3e4661838acb971b33b802200044e6f6e6580280004d2469564
=====================READ CLIENT <<<<<<<<<<<<<<<<<<<<<<<

1: start_mclient: msz=4, tot_send_msgs=0, tot_recv_msgs=0, tot_send_bytes ~ 0, tot_recv_bytes ~ 0
client_timer_handler fd [10] 


=============send >>>>>>>>>>>>>>>
721100aa0000000009090909450700000000000009090909090909090909090909090909090909090909090909090909090909090909090909090909090909090909090909090909090909090909090909090909090909090909090909090909090909090909090909090909090909090909090909090909090909090909090909090909090909090909090909090909090909090909090909090909090909090909090909090909090909090909
=====================READ CLIENT <<<<<<<<<<<<<<<<<<<<<<<
47c200aa00000000090909094507000000000000090909090909090909090909090909090909090909090909090909090909090909090909090909090909090909090909090909090909090909090909090909090909090909090909090909090909090909090909090909090909090909090909090909090909090909090909090909090909090909090909090909090909090909090909090909090909090909090909090909090909090909090909
=====================READ CLIENT <<<<<<<<<<<<<<<<<<<<<<<

client_timer_handler fd [8] 


=============send >>>>>>>>>>>>>>>
47c200aa0000000009090909cd0700000000000009090909090909090909090909090909090909090909090909090909090909090909090909090909090909090909090909090909090909090909090909090909090909090909090909090909090909090909090909090909090909090909090909090909090909090909090909090909090909090909090909090909090909090909090909090909090909090909090909090909090909090909
=====================READ CLIENT <<<<<<<<<<<<<<<<<<<<<<<
721100aa0000000009090909cd07000000000000090909090909090909090909090909090909090909090909090909090909090909090909090909090909090909090909090909090909090909090909090909090909090909090909090909090909090909090909090909090909090909090909090909090909090909090909090909090909090909090909090909090909090909090909090909090909090909090909090909090909090909090909
=====================READ CLIENT <<<<<<<<<<<<<<<<<<<<<<<

2: start_mclient: msz=4, tot_send_msgs=2, tot_recv_msgs=2, tot_send_bytes ~ 340, tot_recv_bytes ~ 340
client_timer_handler fd [9] 


=============send >>>>>>>>>>>>>>>
791a00aa0000000009090909d50a00000000000009090909090909090909090909090909090909090909090909090909090909090909090909090909090909090909090909090909090909090909090909090909090909090909090909090909090909090909090909090909090909090909090909090909090909090909090909090909090909090909090909090909090909090909090909090909090909090909090909090909090909090909
=====================READ CLIENT <<<<<<<<<<<<<<<<<<<<<<<
42bb00aa0000000009090909d50a000000000000090909090909090909090909090909090909090909090909090909090909090909090909090909090909090909090909090909090909090909090909090909090909090909090909090909090909090909090909090909090909090909090909090909090909090909090909090909090909090909090909090909090909090909090909090909090909090909090909090909090909090909090909
=====================READ CLIENT <<<<<<<<<<<<<<<<<<<<<<<

3: start_mclient: msz=4, tot_send_msgs=3, tot_recv_msgs=3, tot_send_bytes ~ 510, tot_recv_bytes ~ 510
4: start_mclient: msz=4, tot_send_msgs=3, tot_recv_msgs=3, tot_send_bytes ~ 510, tot_recv_bytes ~ 510
client_timer_handler fd [7] 


=============send >>>>>>>>>>>>>>>
42bb00aa0000000009090909061000000000000009090909090909090909090909090909090909090909090909090909090909090909090909090909090909090909090909090909090909090909090909090909090909090909090909090909090909090909090909090909090909090909090909090909090909090909090909090909090909090909090909090909090909090909090909090909090909090909090909090909090909090909
=====================READ CLIENT <<<<<<<<<<<<<<<<<<<<<<<
791a00aa00000000090909090610000000000000090909090909090909090909090909090909090909090909090909090909090909090909090909090909090909090909090909090909090909090909090909090909090909090909090909090909090909090909090909090909090909090909090909090909090909090909090909090909090909090909090909090909090909090909090909090909090909090909090909090909090909090909
=====================READ CLIENT <<<<<<<<<<<<<<<<<<<<<<<


=============send >>>>>>>>>>>>>>>
000400102112a442b628746f96fdc57901d83e0a000d00040000000080280004c0159e24
4: done, connection 0x7fa72b0c3010 closed.

=============send >>>>>>>>>>>>>>>
000400102112a442606bab0109aecedcb5acb683000d0004000000008028000406bc836a
4: done, connection 0x7fa72b0a2010 closed.

=============send >>>>>>>>>>>>>>>
000400102112a442aafea8c1886e77556db6ae2d000d000400000000802800046c261585
4: done, connection 0x7fa72b081010 closed.

=============send >>>>>>>>>>>>>>>
000400102112a44267eb01f9cf6150e126c07864000d00040000000080280004422e9b5f
4: done, connection 0x10e5600 closed.
4: start_mclient: tot_send_msgs=4, tot_recv_msgs=4
4: start_mclient: tot_send_bytes ~ 680, tot_recv_bytes ~ 680
4: Total transmit time is 4
4: Total lost packets 0 (0.000000%), total send dropped 0 (0.000000%)
4: Average round trip delay 0.000000 ms; min = 0 ms, max = 0 ms
4: Average jitter 0.000000 ms; min = 4294967295 ms, max = 0 ms
